
IBE-PC	Tue Nov 29 17:48:55 2016
	ib_util init failed, UDFs can't be used - looks like firebird misconfigured
	
	E:\telegram\telegram_app\telegram_app\bin\Debug\bin/ib_util.dll library has not been found
	E:\telegram\telegram_app\telegram_app\bin\Debug\ib_util.dll library has not been found
	ib_util.dll library has not been found


IBE-PC	Tue Nov 29 17:49:55 2016
	ib_util init failed, UDFs can't be used - looks like firebird misconfigured
	
	E:\telegram\telegram_app\telegram_app\bin\Debug\bin/ib_util.dll library has not been found
	E:\telegram\telegram_app\telegram_app\bin\Debug\ib_util.dll library has not been found
	ib_util.dll library has not been found


IBE-PC	Tue Nov 29 17:51:23 2016
	Shutting down the server with 1 active connection(s) to 1 database(s), 0 active service(s)


IBE-PC	Tue Nov 29 18:12:48 2016
	ib_util init failed, UDFs can't be used - looks like firebird misconfigured
	
	E:\telegram\telegram_app\telegram_app\bin\Debug\bin/ib_util.dll library has not been found
	E:\telegram\telegram_app\telegram_app\bin\Debug\ib_util.dll library has not been found
	ib_util.dll library has not been found


IBE-PC	Tue Nov 29 18:14:20 2016
	ib_util init failed, UDFs can't be used - looks like firebird misconfigured
	
	E:\telegram\telegram_app\telegram_app\bin\Debug\bin/ib_util.dll library has not been found
	E:\telegram\telegram_app\telegram_app\bin\Debug\ib_util.dll library has not been found
	ib_util.dll library has not been found


IBE-PC	Tue Nov 29 18:14:58 2016
	ib_util init failed, UDFs can't be used - looks like firebird misconfigured
	
	E:\telegram\telegram_app\telegram_app\bin\Debug\bin/ib_util.dll library has not been found
	E:\telegram\telegram_app\telegram_app\bin\Debug\ib_util.dll library has not been found
	ib_util.dll library has not been found


IBE-PC	Tue Nov 29 18:15:30 2016
	ib_util init failed, UDFs can't be used - looks like firebird misconfigured
	
	E:\telegram\telegram_app\telegram_app\bin\Debug\bin/ib_util.dll library has not been found
	E:\telegram\telegram_app\telegram_app\bin\Debug\ib_util.dll library has not been found
	ib_util.dll library has not been found


IBE-PC	Tue Nov 29 18:15:54 2016
	ib_util init failed, UDFs can't be used - looks like firebird misconfigured
	
	E:\telegram\telegram_app\telegram_app\bin\Debug\bin/ib_util.dll library has not been found
	E:\telegram\telegram_app\telegram_app\bin\Debug\ib_util.dll library has not been found
	ib_util.dll library has not been found


IBE-PC	Tue Nov 29 18:16:30 2016
	Shutting down the server with 1 active connection(s) to 1 database(s), 0 active service(s)


IBE-PC	Tue Nov 29 18:17:38 2016
	ib_util init failed, UDFs can't be used - looks like firebird misconfigured
	
	E:\telegram\telegram_app\telegram_app\bin\Debug\bin/ib_util.dll library has not been found
	E:\telegram\telegram_app\telegram_app\bin\Debug\ib_util.dll library has not been found
	ib_util.dll library has not been found


IBE-PC	Tue Nov 29 18:18:09 2016
	Shutting down the server with 1 active connection(s) to 1 database(s), 0 active service(s)


IBE-PC	Tue Nov 29 18:19:03 2016
	ib_util init failed, UDFs can't be used - looks like firebird misconfigured
	
	E:\telegram\telegram_app\telegram_app\bin\Debug\bin/ib_util.dll library has not been found
	E:\telegram\telegram_app\telegram_app\bin\Debug\ib_util.dll library has not been found
	ib_util.dll library has not been found


IBE-PC	Tue Nov 29 18:19:23 2016
	ib_util init failed, UDFs can't be used - looks like firebird misconfigured
	
	E:\telegram\telegram_app\telegram_app\bin\Debug\bin/ib_util.dll library has not been found
	E:\telegram\telegram_app\telegram_app\bin\Debug\ib_util.dll library has not been found
	ib_util.dll library has not been found


IBE-PC	Tue Nov 29 18:20:55 2016
	Shutting down the server with 2 active connection(s) to 1 database(s), 0 active service(s)


IBE-PC	Tue Nov 29 18:21:33 2016
	ib_util init failed, UDFs can't be used - looks like firebird misconfigured
	
	E:\telegram\telegram_app\telegram_app\bin\Debug\bin/ib_util.dll library has not been found
	E:\telegram\telegram_app\telegram_app\bin\Debug\ib_util.dll library has not been found
	ib_util.dll library has not been found


IBE-PC	Tue Nov 29 18:21:50 2016
	Shutting down the server with 1 active connection(s) to 1 database(s), 0 active service(s)


IBE-PC	Tue Nov 29 18:22:24 2016
	ib_util init failed, UDFs can't be used - looks like firebird misconfigured
	
	E:\telegram\telegram_app\telegram_app\bin\Debug\bin/ib_util.dll library has not been found
	E:\telegram\telegram_app\telegram_app\bin\Debug\ib_util.dll library has not been found
	ib_util.dll library has not been found


IBE-PC	Tue Nov 29 18:22:45 2016
	Shutting down the server with 1 active connection(s) to 1 database(s), 0 active service(s)


IBE-PC	Tue Nov 29 18:23:42 2016
	ib_util init failed, UDFs can't be used - looks like firebird misconfigured
	
	E:\telegram\telegram_app\telegram_app\bin\Debug\bin/ib_util.dll library has not been found
	E:\telegram\telegram_app\telegram_app\bin\Debug\ib_util.dll library has not been found
	ib_util.dll library has not been found


IBE-PC	Tue Nov 29 18:24:07 2016
	Shutting down the server with 1 active connection(s) to 1 database(s), 0 active service(s)


IBE-PC	Tue Nov 29 18:26:26 2016
	ib_util init failed, UDFs can't be used - looks like firebird misconfigured
	
	E:\telegram\telegram_app\telegram_app\bin\Debug\bin/ib_util.dll library has not been found
	E:\telegram\telegram_app\telegram_app\bin\Debug\ib_util.dll library has not been found
	ib_util.dll library has not been found


IBE-PC	Tue Nov 29 18:26:51 2016
	Shutting down the server with 1 active connection(s) to 1 database(s), 0 active service(s)


IBE-PC	Tue Nov 29 18:30:29 2016
	ib_util init failed, UDFs can't be used - looks like firebird misconfigured
	
	E:\telegram\telegram_app\telegram_app\bin\Debug\bin/ib_util.dll library has not been found
	E:\telegram\telegram_app\telegram_app\bin\Debug\ib_util.dll library has not been found
	ib_util.dll library has not been found


IBE-PC	Tue Nov 29 18:30:41 2016
	Shutting down the server with 1 active connection(s) to 1 database(s), 0 active service(s)


IBE-PC	Tue Nov 29 18:32:18 2016
	ib_util init failed, UDFs can't be used - looks like firebird misconfigured
	
	E:\telegram\telegram_app\telegram_app\bin\Debug\bin/ib_util.dll library has not been found
	E:\telegram\telegram_app\telegram_app\bin\Debug\ib_util.dll library has not been found
	ib_util.dll library has not been found


IBE-PC	Tue Nov 29 18:33:01 2016
	Shutting down the server with 1 active connection(s) to 1 database(s), 0 active service(s)


IBE-PC	Tue Nov 29 18:48:10 2016
	ib_util init failed, UDFs can't be used - looks like firebird misconfigured
	
	E:\telegram\telegram_app\telegram_app\bin\Debug\bin/ib_util.dll library has not been found
	E:\telegram\telegram_app\telegram_app\bin\Debug\ib_util.dll library has not been found
	ib_util.dll library has not been found


IBE-PC	Tue Nov 29 19:41:57 2016
	ib_util init failed, UDFs can't be used - looks like firebird misconfigured
	
	E:\telegram\telegram_app\telegram_app\bin\Debug\bin/ib_util.dll library has not been found
	E:\telegram\telegram_app\telegram_app\bin\Debug\ib_util.dll library has not been found
	ib_util.dll library has not been found


IBE-PC	Tue Nov 29 19:42:15 2016
	Shutting down the server with 1 active connection(s) to 1 database(s), 0 active service(s)


IBE-PC	Tue Nov 29 19:53:37 2016
	ib_util init failed, UDFs can't be used - looks like firebird misconfigured
	
	E:\telegram\telegram_app\telegram_app\bin\Debug\bin/ib_util.dll library has not been found
	E:\telegram\telegram_app\telegram_app\bin\Debug\ib_util.dll library has not been found
	ib_util.dll library has not been found


IBE-PC	Tue Nov 29 19:53:51 2016
	Shutting down the server with 1 active connection(s) to 1 database(s), 0 active service(s)


IBE-PC	Tue Nov 29 19:57:10 2016
	ib_util init failed, UDFs can't be used - looks like firebird misconfigured
	
	E:\telegram\telegram_app\telegram_app\bin\Debug\bin/ib_util.dll library has not been found
	E:\telegram\telegram_app\telegram_app\bin\Debug\ib_util.dll library has not been found
	ib_util.dll library has not been found


IBE-PC	Tue Nov 29 19:57:21 2016
	Shutting down the server with 1 active connection(s) to 1 database(s), 0 active service(s)


IBE-PC	Tue Nov 29 19:58:58 2016
	ib_util init failed, UDFs can't be used - looks like firebird misconfigured
	
	E:\telegram\telegram_app\telegram_app\bin\Debug\bin/ib_util.dll library has not been found
	E:\telegram\telegram_app\telegram_app\bin\Debug\ib_util.dll library has not been found
	ib_util.dll library has not been found


IBE-PC	Tue Nov 29 20:00:37 2016
	ib_util init failed, UDFs can't be used - looks like firebird misconfigured
	
	E:\telegram\telegram_app\telegram_app\bin\Debug\bin/ib_util.dll library has not been found
	E:\telegram\telegram_app\telegram_app\bin\Debug\ib_util.dll library has not been found
	ib_util.dll library has not been found


IBE-PC	Tue Nov 29 20:00:52 2016
	Shutting down the server with 1 active connection(s) to 1 database(s), 0 active service(s)


IBE-PC	Tue Nov 29 20:10:13 2016
	ib_util init failed, UDFs can't be used - looks like firebird misconfigured
	
	E:\telegram\telegram_app\telegram_app\bin\Debug\bin/ib_util.dll library has not been found
	E:\telegram\telegram_app\telegram_app\bin\Debug\ib_util.dll library has not been found
	ib_util.dll library has not been found


IBE-PC	Tue Nov 29 20:10:43 2016
	Shutting down the server with 1 active connection(s) to 1 database(s), 0 active service(s)


IBE-PC	Tue Nov 29 20:11:34 2016
	ib_util init failed, UDFs can't be used - looks like firebird misconfigured
	
	E:\telegram\telegram_app\telegram_app\bin\Debug\bin/ib_util.dll library has not been found
	E:\telegram\telegram_app\telegram_app\bin\Debug\ib_util.dll library has not been found
	ib_util.dll library has not been found


IBE-PC	Tue Nov 29 20:11:50 2016
	Shutting down the server with 1 active connection(s) to 1 database(s), 0 active service(s)


IBE-PC	Tue Nov 29 20:17:16 2016
	ib_util init failed, UDFs can't be used - looks like firebird misconfigured
	
	E:\telegram\telegram_app\telegram_app\bin\Debug\bin/ib_util.dll library has not been found
	E:\telegram\telegram_app\telegram_app\bin\Debug\ib_util.dll library has not been found
	ib_util.dll library has not been found


IBE-PC	Tue Nov 29 20:19:37 2016
	ib_util init failed, UDFs can't be used - looks like firebird misconfigured
	
	E:\telegram\telegram_app\telegram_app\bin\Debug\bin/ib_util.dll library has not been found
	E:\telegram\telegram_app\telegram_app\bin\Debug\ib_util.dll library has not been found
	ib_util.dll library has not been found


IBE-PC	Tue Nov 29 20:20:25 2016
	ib_util init failed, UDFs can't be used - looks like firebird misconfigured
	
	E:\telegram\telegram_app\telegram_app\bin\Debug\bin/ib_util.dll library has not been found
	E:\telegram\telegram_app\telegram_app\bin\Debug\ib_util.dll library has not been found
	ib_util.dll library has not been found


IBE-PC	Tue Nov 29 20:22:08 2016
	ib_util init failed, UDFs can't be used - looks like firebird misconfigured
	
	E:\telegram\telegram_app\telegram_app\bin\Debug\bin/ib_util.dll library has not been found
	E:\telegram\telegram_app\telegram_app\bin\Debug\ib_util.dll library has not been found
	ib_util.dll library has not been found


IBE-PC	Tue Nov 29 20:23:00 2016
	Shutting down the server with 1 active connection(s) to 1 database(s), 0 active service(s)


IBE-PC	Tue Nov 29 20:23:36 2016
	ib_util init failed, UDFs can't be used - looks like firebird misconfigured
	
	E:\telegram\telegram_app\telegram_app\bin\Debug\bin/ib_util.dll library has not been found
	E:\telegram\telegram_app\telegram_app\bin\Debug\ib_util.dll library has not been found
	ib_util.dll library has not been found


IBE-PC	Tue Nov 29 20:24:28 2016
	ib_util init failed, UDFs can't be used - looks like firebird misconfigured
	
	E:\telegram\telegram_app\telegram_app\bin\Debug\bin/ib_util.dll library has not been found
	E:\telegram\telegram_app\telegram_app\bin\Debug\ib_util.dll library has not been found
	ib_util.dll library has not been found


IBE-PC	Tue Nov 29 20:36:42 2016
	ib_util init failed, UDFs can't be used - looks like firebird misconfigured
	
	E:\telegram\telegram_app\telegram_app\bin\Debug\bin/ib_util.dll library has not been found
	E:\telegram\telegram_app\telegram_app\bin\Debug\ib_util.dll library has not been found
	ib_util.dll library has not been found


IBE-PC	Tue Nov 29 20:38:14 2016
	ib_util init failed, UDFs can't be used - looks like firebird misconfigured
	
	E:\telegram\telegram_app\telegram_app\bin\Debug\bin/ib_util.dll library has not been found
	E:\telegram\telegram_app\telegram_app\bin\Debug\ib_util.dll library has not been found
	ib_util.dll library has not been found


IBE-PC	Tue Nov 29 20:38:47 2016
	ib_util init failed, UDFs can't be used - looks like firebird misconfigured
	
	E:\telegram\telegram_app\telegram_app\bin\Debug\bin/ib_util.dll library has not been found
	E:\telegram\telegram_app\telegram_app\bin\Debug\ib_util.dll library has not been found
	ib_util.dll library has not been found


IBE-PC	Tue Nov 29 20:39:25 2016
	ib_util init failed, UDFs can't be used - looks like firebird misconfigured
	
	E:\telegram\telegram_app\telegram_app\bin\Debug\bin/ib_util.dll library has not been found
	E:\telegram\telegram_app\telegram_app\bin\Debug\ib_util.dll library has not been found
	ib_util.dll library has not been found


IBE-PC	Tue Nov 29 20:39:29 2016
	Shutting down the server with 1 active connection(s) to 1 database(s), 0 active service(s)


IBE-PC	Tue Nov 29 20:39:42 2016
	ib_util init failed, UDFs can't be used - looks like firebird misconfigured
	
	E:\telegram\telegram_app\telegram_app\bin\Debug\bin/ib_util.dll library has not been found
	E:\telegram\telegram_app\telegram_app\bin\Debug\ib_util.dll library has not been found
	ib_util.dll library has not been found


IBE-PC	Tue Nov 29 20:39:44 2016
	Shutting down the server with 1 active connection(s) to 1 database(s), 0 active service(s)


IBE-PC	Tue Nov 29 20:39:51 2016
	ib_util init failed, UDFs can't be used - looks like firebird misconfigured
	
	E:\telegram\telegram_app\telegram_app\bin\Debug\bin/ib_util.dll library has not been found
	E:\telegram\telegram_app\telegram_app\bin\Debug\ib_util.dll library has not been found
	ib_util.dll library has not been found


IBE-PC	Tue Nov 29 20:41:14 2016
	ib_util init failed, UDFs can't be used - looks like firebird misconfigured
	
	E:\telegram\telegram_app\telegram_app\bin\Debug\bin/ib_util.dll library has not been found
	E:\telegram\telegram_app\telegram_app\bin\Debug\ib_util.dll library has not been found
	ib_util.dll library has not been found


IBE-PC	Tue Nov 29 20:41:18 2016
	Shutting down the server with 1 active connection(s) to 1 database(s), 0 active service(s)


IBE-PC	Tue Nov 29 20:41:30 2016
	ib_util init failed, UDFs can't be used - looks like firebird misconfigured
	
	E:\telegram\telegram_app\telegram_app\bin\Debug\bin/ib_util.dll library has not been found
	E:\telegram\telegram_app\telegram_app\bin\Debug\ib_util.dll library has not been found
	ib_util.dll library has not been found


IBE-PC	Tue Nov 29 20:41:34 2016
	Shutting down the server with 1 active connection(s) to 1 database(s), 0 active service(s)


IBE-PC	Tue Nov 29 20:42:11 2016
	ib_util init failed, UDFs can't be used - looks like firebird misconfigured
	
	E:\telegram\telegram_app\telegram_app\bin\Debug\bin/ib_util.dll library has not been found
	E:\telegram\telegram_app\telegram_app\bin\Debug\ib_util.dll library has not been found
	ib_util.dll library has not been found


IBE-PC	Tue Nov 29 20:42:18 2016
	Shutting down the server with 1 active connection(s) to 1 database(s), 0 active service(s)


IBE-PC	Tue Nov 29 20:42:42 2016
	ib_util init failed, UDFs can't be used - looks like firebird misconfigured
	
	E:\telegram\telegram_app\telegram_app\bin\Debug\bin/ib_util.dll library has not been found
	E:\telegram\telegram_app\telegram_app\bin\Debug\ib_util.dll library has not been found
	ib_util.dll library has not been found


IBE-PC	Tue Nov 29 20:42:47 2016
	Shutting down the server with 1 active connection(s) to 1 database(s), 0 active service(s)


IBE-PC	Tue Nov 29 20:43:43 2016
	ib_util init failed, UDFs can't be used - looks like firebird misconfigured
	
	E:\telegram\telegram_app\telegram_app\bin\Debug\bin/ib_util.dll library has not been found
	E:\telegram\telegram_app\telegram_app\bin\Debug\ib_util.dll library has not been found
	ib_util.dll library has not been found


IBE-PC	Tue Nov 29 20:44:46 2016
	Shutting down the server with 1 active connection(s) to 1 database(s), 0 active service(s)


IBE-PC	Tue Nov 29 20:47:06 2016
	ib_util init failed, UDFs can't be used - looks like firebird misconfigured
	
	E:\telegram\telegram_app\telegram_app\bin\Debug\bin/ib_util.dll library has not been found
	E:\telegram\telegram_app\telegram_app\bin\Debug\ib_util.dll library has not been found
	ib_util.dll library has not been found


IBE-PC	Tue Nov 29 20:47:39 2016
	Shutting down the server with 1 active connection(s) to 1 database(s), 0 active service(s)


IBE-PC	Tue Nov 29 20:48:08 2016
	ib_util init failed, UDFs can't be used - looks like firebird misconfigured
	
	E:\telegram\telegram_app\telegram_app\bin\Debug\bin/ib_util.dll library has not been found
	E:\telegram\telegram_app\telegram_app\bin\Debug\ib_util.dll library has not been found
	ib_util.dll library has not been found


IBE-PC	Tue Nov 29 20:48:39 2016
	Shutting down the server with 1 active connection(s) to 1 database(s), 0 active service(s)


IBE-PC	Tue Nov 29 20:50:10 2016
	ib_util init failed, UDFs can't be used - looks like firebird misconfigured
	
	E:\telegram\telegram_app\telegram_app\bin\Debug\bin/ib_util.dll library has not been found
	E:\telegram\telegram_app\telegram_app\bin\Debug\ib_util.dll library has not been found
	ib_util.dll library has not been found


IBE-PC	Tue Nov 29 20:50:43 2016
	Shutting down the server with 1 active connection(s) to 1 database(s), 0 active service(s)


IBE-PC	Wed Nov 30 11:21:18 2016
	ib_util init failed, UDFs can't be used - looks like firebird misconfigured
	
	E:\telegram\telegram_app\telegram_app\bin\Debug\bin/ib_util.dll library has not been found
	E:\telegram\telegram_app\telegram_app\bin\Debug\ib_util.dll library has not been found
	ib_util.dll library has not been found


IBE-PC	Wed Nov 30 11:21:26 2016
	Shutting down the server with 1 active connection(s) to 1 database(s), 0 active service(s)


IBE-PC	Wed Nov 30 11:30:24 2016
	ib_util init failed, UDFs can't be used - looks like firebird misconfigured
	
	E:\telegram\telegram_app\telegram_app\bin\Debug\bin/ib_util.dll library has not been found
	E:\telegram\telegram_app\telegram_app\bin\Debug\ib_util.dll library has not been found
	ib_util.dll library has not been found


IBE-PC	Wed Nov 30 11:30:28 2016
	Shutting down the server with 1 active connection(s) to 1 database(s), 0 active service(s)


IBE-PC	Wed Nov 30 11:30:40 2016
	ib_util init failed, UDFs can't be used - looks like firebird misconfigured
	
	E:\telegram\telegram_app\telegram_app\bin\Debug\bin/ib_util.dll library has not been found
	E:\telegram\telegram_app\telegram_app\bin\Debug\ib_util.dll library has not been found
	ib_util.dll library has not been found


IBE-PC	Wed Nov 30 11:30:56 2016
	Shutting down the server with 1 active connection(s) to 1 database(s), 0 active service(s)


IBE-PC	Wed Nov 30 11:31:56 2016
	ib_util init failed, UDFs can't be used - looks like firebird misconfigured
	
	E:\telegram\telegram_app\telegram_app\bin\Debug\bin/ib_util.dll library has not been found
	E:\telegram\telegram_app\telegram_app\bin\Debug\ib_util.dll library has not been found
	ib_util.dll library has not been found


IBE-PC	Wed Nov 30 11:31:59 2016
	Shutting down the server with 1 active connection(s) to 1 database(s), 0 active service(s)


IBE-PC	Wed Nov 30 11:32:09 2016
	ib_util init failed, UDFs can't be used - looks like firebird misconfigured
	
	E:\telegram\telegram_app\telegram_app\bin\Debug\bin/ib_util.dll library has not been found
	E:\telegram\telegram_app\telegram_app\bin\Debug\ib_util.dll library has not been found
	ib_util.dll library has not been found


IBE-PC	Wed Nov 30 11:32:17 2016
	Shutting down the server with 1 active connection(s) to 1 database(s), 0 active service(s)


IBE-PC	Wed Nov 30 11:33:32 2016
	ib_util init failed, UDFs can't be used - looks like firebird misconfigured
	
	E:\telegram\telegram_app\telegram_app\bin\Debug\bin/ib_util.dll library has not been found
	E:\telegram\telegram_app\telegram_app\bin\Debug\ib_util.dll library has not been found
	ib_util.dll library has not been found


IBE-PC	Wed Nov 30 11:33:42 2016
	Shutting down the server with 1 active connection(s) to 1 database(s), 0 active service(s)


IBE-PC	Wed Nov 30 11:34:00 2016
	ib_util init failed, UDFs can't be used - looks like firebird misconfigured
	
	E:\telegram\telegram_app\telegram_app\bin\Debug\bin/ib_util.dll library has not been found
	E:\telegram\telegram_app\telegram_app\bin\Debug\ib_util.dll library has not been found
	ib_util.dll library has not been found


IBE-PC	Wed Nov 30 11:34:03 2016
	Shutting down the server with 1 active connection(s) to 1 database(s), 0 active service(s)


IBE-PC	Wed Nov 30 11:35:56 2016
	ib_util init failed, UDFs can't be used - looks like firebird misconfigured
	
	E:\telegram\telegram_app\telegram_app\bin\Debug\bin/ib_util.dll library has not been found
	E:\telegram\telegram_app\telegram_app\bin\Debug\ib_util.dll library has not been found
	ib_util.dll library has not been found


IBE-PC	Wed Nov 30 11:42:22 2016
	Shutting down the server with 1 active connection(s) to 1 database(s), 0 active service(s)


IBE-PC	Wed Nov 30 11:42:50 2016
	ib_util init failed, UDFs can't be used - looks like firebird misconfigured
	
	E:\telegram\telegram_app\telegram_app\bin\Debug\bin/ib_util.dll library has not been found
	E:\telegram\telegram_app\telegram_app\bin\Debug\ib_util.dll library has not been found
	ib_util.dll library has not been found


IBE-PC	Wed Nov 30 11:48:00 2016
	ib_util init failed, UDFs can't be used - looks like firebird misconfigured
	
	E:\telegram\telegram_app\telegram_app\bin\Debug\bin/ib_util.dll library has not been found
	E:\telegram\telegram_app\telegram_app\bin\Debug\ib_util.dll library has not been found
	ib_util.dll library has not been found


IBE-PC	Wed Nov 30 11:50:22 2016
	Shutting down the server with 3 active connection(s) to 1 database(s), 0 active service(s)


IBE-PC	Wed Nov 30 12:00:39 2016
	ib_util init failed, UDFs can't be used - looks like firebird misconfigured
	
	E:\telegram\telegram_app\telegram_app\bin\Debug\bin/ib_util.dll library has not been found
	E:\telegram\telegram_app\telegram_app\bin\Debug\ib_util.dll library has not been found
	ib_util.dll library has not been found


IBE-PC	Wed Nov 30 12:15:36 2016
	ib_util init failed, UDFs can't be used - looks like firebird misconfigured
	
	E:\telegram\telegram_app\telegram_app\bin\Debug\bin/ib_util.dll library has not been found
	E:\telegram\telegram_app\telegram_app\bin\Debug\ib_util.dll library has not been found
	ib_util.dll library has not been found


IBE-PC	Wed Nov 30 12:16:22 2016
	Shutting down the server with 1 active connection(s) to 1 database(s), 0 active service(s)


IBE-PC	Wed Nov 30 12:23:53 2016
	ib_util init failed, UDFs can't be used - looks like firebird misconfigured
	
	E:\telegram\telegram_app\telegram_app\bin\Debug\bin/ib_util.dll library has not been found
	E:\telegram\telegram_app\telegram_app\bin\Debug\ib_util.dll library has not been found
	ib_util.dll library has not been found


IBE-PC	Wed Nov 30 12:24:14 2016
	Shutting down the server with 1 active connection(s) to 1 database(s), 0 active service(s)


IBE-PC	Wed Nov 30 12:25:50 2016
	ib_util init failed, UDFs can't be used - looks like firebird misconfigured
	
	E:\telegram\telegram_app\telegram_app\bin\Debug\bin/ib_util.dll library has not been found
	E:\telegram\telegram_app\telegram_app\bin\Debug\ib_util.dll library has not been found
	ib_util.dll library has not been found


IBE-PC	Wed Nov 30 12:26:28 2016
	ib_util init failed, UDFs can't be used - looks like firebird misconfigured
	
	E:\telegram\telegram_app\telegram_app\bin\Debug\bin/ib_util.dll library has not been found
	E:\telegram\telegram_app\telegram_app\bin\Debug\ib_util.dll library has not been found
	ib_util.dll library has not been found


IBE-PC	Wed Nov 30 12:26:32 2016
	Shutting down the server with 1 active connection(s) to 1 database(s), 0 active service(s)


IBE-PC	Wed Nov 30 12:28:09 2016
	ib_util init failed, UDFs can't be used - looks like firebird misconfigured
	
	E:\telegram\telegram_app\telegram_app\bin\Debug\bin/ib_util.dll library has not been found
	E:\telegram\telegram_app\telegram_app\bin\Debug\ib_util.dll library has not been found
	ib_util.dll library has not been found


IBE-PC	Wed Nov 30 12:28:15 2016
	Shutting down the server with 1 active connection(s) to 1 database(s), 0 active service(s)


IBE-PC	Wed Nov 30 12:29:30 2016
	ib_util init failed, UDFs can't be used - looks like firebird misconfigured
	
	E:\telegram\telegram_app\telegram_app\bin\Debug\bin/ib_util.dll library has not been found
	E:\telegram\telegram_app\telegram_app\bin\Debug\ib_util.dll library has not been found
	ib_util.dll library has not been found


IBE-PC	Wed Nov 30 12:29:37 2016
	Shutting down the server with 1 active connection(s) to 1 database(s), 0 active service(s)


IBE-PC	Wed Nov 30 12:29:49 2016
	ib_util init failed, UDFs can't be used - looks like firebird misconfigured
	
	E:\telegram\telegram_app\telegram_app\bin\Debug\bin/ib_util.dll library has not been found
	E:\telegram\telegram_app\telegram_app\bin\Debug\ib_util.dll library has not been found
	ib_util.dll library has not been found


IBE-PC	Wed Nov 30 12:30:11 2016
	ib_util init failed, UDFs can't be used - looks like firebird misconfigured
	
	E:\telegram\telegram_app\telegram_app\bin\Debug\bin/ib_util.dll library has not been found
	E:\telegram\telegram_app\telegram_app\bin\Debug\ib_util.dll library has not been found
	ib_util.dll library has not been found


IBE-PC	Wed Nov 30 12:30:12 2016
	Shutting down the server with 1 active connection(s) to 1 database(s), 0 active service(s)


IBE-PC	Wed Nov 30 12:30:29 2016
	ib_util init failed, UDFs can't be used - looks like firebird misconfigured
	
	E:\telegram\telegram_app\telegram_app\bin\Debug\bin/ib_util.dll library has not been found
	E:\telegram\telegram_app\telegram_app\bin\Debug\ib_util.dll library has not been found
	ib_util.dll library has not been found


IBE-PC	Wed Nov 30 12:30:32 2016
	Shutting down the server with 1 active connection(s) to 1 database(s), 0 active service(s)


IBE-PC	Wed Nov 30 12:32:39 2016
	ib_util init failed, UDFs can't be used - looks like firebird misconfigured
	
	E:\telegram\telegram_app\telegram_app\bin\Debug\bin/ib_util.dll library has not been found
	E:\telegram\telegram_app\telegram_app\bin\Debug\ib_util.dll library has not been found
	ib_util.dll library has not been found


IBE-PC	Wed Nov 30 12:33:18 2016
	Shutting down the server with 1 active connection(s) to 1 database(s), 0 active service(s)


IBE-PC	Wed Nov 30 12:34:47 2016
	ib_util init failed, UDFs can't be used - looks like firebird misconfigured
	
	E:\telegram\telegram_app\telegram_app\bin\Debug\bin/ib_util.dll library has not been found
	E:\telegram\telegram_app\telegram_app\bin\Debug\ib_util.dll library has not been found
	ib_util.dll library has not been found


IBE-PC	Wed Nov 30 12:36:18 2016
	Shutting down the server with 1 active connection(s) to 1 database(s), 0 active service(s)


IBE-PC	Wed Nov 30 12:38:09 2016
	ib_util init failed, UDFs can't be used - looks like firebird misconfigured
	
	E:\telegram\telegram_app\telegram_app\bin\Debug\bin/ib_util.dll library has not been found
	E:\telegram\telegram_app\telegram_app\bin\Debug\ib_util.dll library has not been found
	ib_util.dll library has not been found


IBE-PC	Wed Nov 30 12:59:15 2016
	Shutting down the server with 2 active connection(s) to 1 database(s), 0 active service(s)

